<?xml version="1.0" encoding="UTF-8"?>
<!-- Generated by org.testng.reporters.JUnitReportReporter -->
<testsuite hostname="BhumikaBabbar-FVFG6D91Q05D" failures="0" tests="1" name="com.browserstack.run_local_test.LocalTest" time="39.501" errors="0" timestamp="17 Feb 2023 06:22:00 GMT">
  <testcase classname="com.browserstack.run_local_test.LocalTest" name="test" time="39.501"/>
</testsuite> <!-- com.browserstack.run_local_test.LocalTest -->
